25-10-2013 02:27:37
Array
(
    [0] => Z:\home\mynewsblog.com\www\app\view\default\template.phtml
    [1] => Z:\home\mynewsblog.com\www\app\view\default\page\head.phtml
    [2] => Z:\home\mynewsblog.com\www\app\view\default\page\header.phtml
    [3] => Z:\home\mynewsblog.com\www\app\view\default\page\main_menu.phtml
    [4] => Z:\home\mynewsblog.com\www\app\view\default\page\default\content.phtml
    [5] => Z:\home\mynewsblog.com\www\app\view\default\page\sidebar.phtml
    [6] => Z:\home\mynewsblog.com\www\app\view\default\post\widget\last_posts.phtml
    [7] => Z:\home\mynewsblog.com\www\app\view\default\post\widget\categories.phtml
    [8] => Z:\home\mynewsblog.com\www\app\view\default\post\widget\tags.phtml
)
25-10-2013 02:43:39
Array
(
)
25-10-2013 02:33:43
Array
(
)
25-10-2013 02:22:44
Array
(
    [0] => Z:\home\mynewsblog.com\www\app\view\default\template.phtml
    [1] => Z:\home\mynewsblog.com\www\app\view\default\page\head.phtml
    [2] => Z:\home\mynewsblog.com\www\app\view\default\page\header.phtml
    [3] => Z:\home\mynewsblog.com\www\app\view\default\page\main_menu.phtml
    [4] => Z:\home\mynewsblog.com\www\app\view\default\page\default\content.phtml
    [5] => Z:\home\mynewsblog.com\www\app\view\default\page\sidebar.phtml
    [6] => Z:\home\mynewsblog.com\www\app\view\default\post\widget\last_posts.phtml
    [7] => Z:\home\mynewsblog.com\www\app\view\default\post\widget\categories.phtml
    [8] => Z:\home\mynewsblog.com\www\app\view\default\post\widget\tags.phtml
)
25-10-2013 02:56:44
Array
(
    [0] => Z:\home\mynewsblog.com\www\app\view\default\template.phtml
    [1] => Z:\home\mynewsblog.com\www\app\view\default\page\head.phtml
    [2] => Z:\home\mynewsblog.com\www\app\view\default\page\header.phtml
    [3] => Z:\home\mynewsblog.com\www\app\view\default\page\main_menu.phtml
    [4] => Z:\home\mynewsblog.com\www\app\view\default\page\default\content.phtml
    [5] => Z:\home\mynewsblog.com\www\app\view\default\page\sidebar.phtml
    [6] => Z:\home\mynewsblog.com\www\app\view\default\post\widget\last_posts.phtml
    [7] => Z:\home\mynewsblog.com\www\app\view\default\post\widget\categories.phtml
    [8] => Z:\home\mynewsblog.com\www\app\view\default\post\widget\tags.phtml
)
25-10-2013 02:40:45
Array
(
    [0] => Z:\home\mynewsblog.com\www\app\view\default\template.phtml
    [1] => Z:\home\mynewsblog.com\www\app\view\default\page\head.phtml
    [2] => Z:\home\mynewsblog.com\www\app\view\default\page\header.phtml
    [3] => Z:\home\mynewsblog.com\www\app\view\default\page\main_menu.phtml
    [4] => Z:\home\mynewsblog.com\www\app\view\default\page\default\content.phtml
    [5] => Z:\home\mynewsblog.com\www\app\view\default\page\sidebar.phtml
    [6] => Z:\home\mynewsblog.com\www\app\view\default\post\widget\last_posts.phtml
    [7] => Z:\home\mynewsblog.com\www\app\view\default\post\widget\categories.phtml
    [8] => Z:\home\mynewsblog.com\www\app\view\default\post\widget\tags.phtml
)
25-10-2013 02:35:50
Array
(
    [0] => Z:\home\mynewsblog.com\www\app\view\default\template.phtml
    [1] => Z:\home\mynewsblog.com\www\app\view\default\page\head.phtml
    [2] => Z:\home\mynewsblog.com\www\app\view\default\page\header.phtml
    [3] => Z:\home\mynewsblog.com\www\app\view\default\page\main_menu.phtml
    [4] => Z:\home\mynewsblog.com\www\app\view\default\page\default\content.phtml
    [5] => Z:\home\mynewsblog.com\www\app\view\default\page\sidebar.phtml
    [6] => Z:\home\mynewsblog.com\www\app\view\default\post\widget\last_posts.phtml
    [7] => Z:\home\mynewsblog.com\www\app\view\default\post\widget\categories.phtml
    [8] => Z:\home\mynewsblog.com\www\app\view\default\post\widget\tags.phtml
)
25-10-2013 02:36:50
Array
(
    [0] => Z:\home\mynewsblog.com\www\app\view\default\template.phtml
    [1] => Z:\home\mynewsblog.com\www\app\view\default\page\head.phtml
    [2] => Z:\home\mynewsblog.com\www\app\view\default\page\header.phtml
    [3] => Z:\home\mynewsblog.com\www\app\view\default\page\main_menu.phtml
    [4] => Z:\home\mynewsblog.com\www\app\view\default\page\default\content.phtml
    [5] => Z:\home\mynewsblog.com\www\app\view\default\page\sidebar.phtml
    [6] => Z:\home\mynewsblog.com\www\app\view\default\post\widget\last_posts.phtml
    [7] => Z:\home\mynewsblog.com\www\app\view\default\post\widget\categories.phtml
    [8] => Z:\home\mynewsblog.com\www\app\view\default\post\widget\tags.phtml
)
25-10-2013 02:46:55
Array
(
    [0] => Z:\home\mynewsblog.com\www\app\view\default\template.phtml
    [1] => Z:\home\mynewsblog.com\www\app\view\default\page\head.phtml
    [2] => Z:\home\mynewsblog.com\www\app\view\default\page\header.phtml
    [3] => Z:\home\mynewsblog.com\www\app\view\default\page\main_menu.phtml
    [4] => Z:\home\mynewsblog.com\www\app\view\default\page\default\content.phtml
    [5] => Z:\home\mynewsblog.com\www\app\view\default\page\sidebar.phtml
    [6] => Z:\home\mynewsblog.com\www\app\view\default\post\widget\last_posts.phtml
    [7] => Z:\home\mynewsblog.com\www\app\view\default\post\widget\categories.phtml
    [8] => Z:\home\mynewsblog.com\www\app\view\default\post\widget\tags.phtml
)
25-10-2013 02:33:58
Array
(
    [0] => Z:\home\mynewsblog.com\www\app\view\default\template.phtml
    [1] => Z:\home\mynewsblog.com\www\app\view\default\page\head.phtml
    [2] => Z:\home\mynewsblog.com\www\app\view\default\page\header.phtml
    [3] => Z:\home\mynewsblog.com\www\app\view\default\page\main_menu.phtml
    [4] => Z:\home\mynewsblog.com\www\app\view\default\page\default\content.phtml
    [5] => Z:\home\mynewsblog.com\www\app\view\default\page\sidebar.phtml
    [6] => Z:\home\mynewsblog.com\www\app\view\default\post\widget\last_posts.phtml
    [7] => Z:\home\mynewsblog.com\www\app\view\default\post\widget\categories.phtml
    [8] => Z:\home\mynewsblog.com\www\app\view\default\post\widget\tags.phtml
)
25-10-2013 03:34:06
Array
(
    [0] => Z:\home\mynewsblog.com\www\app\view\default\template.phtml
    [1] => Z:\home\mynewsblog.com\www\app\view\default\page\head.phtml
    [2] => Z:\home\mynewsblog.com\www\app\view\default\page\header.phtml
    [3] => Z:\home\mynewsblog.com\www\app\view\default\page\main_menu.phtml
    [4] => Z:\home\mynewsblog.com\www\app\view\default\page\default\content.phtml
    [5] => Z:\home\mynewsblog.com\www\app\view\default\page\sidebar.phtml
    [6] => Z:\home\mynewsblog.com\www\app\view\default\post\widget\last_posts.phtml
    [7] => Z:\home\mynewsblog.com\www\app\view\default\post\widget\categories.phtml
    [8] => Z:\home\mynewsblog.com\www\app\view\default\post\widget\tags.phtml
)
25-10-2013 03:35:06
Array
(
    [0] => Z:\home\mynewsblog.com\www\app\view\default\template.phtml
    [1] => Z:\home\mynewsblog.com\www\app\view\default\page\head.phtml
    [2] => Z:\home\mynewsblog.com\www\app\view\default\page\header.phtml
    [3] => Z:\home\mynewsblog.com\www\app\view\default\page\main_menu.phtml
    [4] => Z:\home\mynewsblog.com\www\app\view\default\page\default\content.phtml
    [5] => Z:\home\mynewsblog.com\www\app\view\default\page\sidebar.phtml
    [6] => Z:\home\mynewsblog.com\www\app\view\default\post\widget\last_posts.phtml
    [7] => Z:\home\mynewsblog.com\www\app\view\default\post\widget\categories.phtml
    [8] => Z:\home\mynewsblog.com\www\app\view\default\post\widget\tags.phtml
)
25-10-2013 03:53:06
Array
(
    [0] => Z:\home\mynewsblog.com\www\app\view\default\template.phtml
    [1] => Z:\home\mynewsblog.com\www\app\view\default\page\head.phtml
    [2] => Z:\home\mynewsblog.com\www\app\view\default\page\header.phtml
    [3] => Z:\home\mynewsblog.com\www\app\view\default\page\main_menu.phtml
    [4] => Z:\home\mynewsblog.com\www\app\view\default\page\default\content.phtml
    [5] => Z:\home\mynewsblog.com\www\app\view\default\page\sidebar.phtml
    [6] => Z:\home\mynewsblog.com\www\app\view\default\post\widget\last_posts.phtml
    [7] => Z:\home\mynewsblog.com\www\app\view\default\post\widget\categories.phtml
    [8] => Z:\home\mynewsblog.com\www\app\view\default\post\widget\tags.phtml
)
25-10-2013 03:39:07
Array
(
    [0] => Z:\home\mynewsblog.com\www\app\view\default\template.phtml
    [1] => Z:\home\mynewsblog.com\www\app\view\default\page\head.phtml
    [2] => Z:\home\mynewsblog.com\www\app\view\default\page\header.phtml
    [3] => Z:\home\mynewsblog.com\www\app\view\default\page\main_menu.phtml
    [4] => Z:\home\mynewsblog.com\www\app\view\default\page\default\content.phtml
    [5] => Z:\home\mynewsblog.com\www\app\view\default\page\sidebar.phtml
    [6] => Z:\home\mynewsblog.com\www\app\view\default\post\widget\last_posts.phtml
    [7] => Z:\home\mynewsblog.com\www\app\view\default\post\widget\categories.phtml
    [8] => Z:\home\mynewsblog.com\www\app\view\default\post\widget\tags.phtml
)
25-10-2013 03:40:07
Array
(
    [0] => Z:\home\mynewsblog.com\www\app\view\default\template.phtml
    [1] => Z:\home\mynewsblog.com\www\app\view\default\page\head.phtml
    [2] => Z:\home\mynewsblog.com\www\app\view\default\page\header.phtml
    [3] => Z:\home\mynewsblog.com\www\app\view\default\page\main_menu.phtml
    [4] => Z:\home\mynewsblog.com\www\app\view\default\page\default\content.phtml
    [5] => Z:\home\mynewsblog.com\www\app\view\default\page\sidebar.phtml
    [6] => Z:\home\mynewsblog.com\www\app\view\default\post\widget\last_posts.phtml
    [7] => Z:\home\mynewsblog.com\www\app\view\default\post\widget\categories.phtml
    [8] => Z:\home\mynewsblog.com\www\app\view\default\post\widget\tags.phtml
)
25-10-2013 03:53:07
Array
(
    [0] => Z:\home\mynewsblog.com\www\app\view\default\template.phtml
    [1] => Z:\home\mynewsblog.com\www\app\view\default\page\head.phtml
    [2] => Z:\home\mynewsblog.com\www\app\view\default\page\header.phtml
    [3] => Z:\home\mynewsblog.com\www\app\view\default\page\main_menu.phtml
    [4] => Z:\home\mynewsblog.com\www\app\view\default\page\default\content.phtml
    [5] => Z:\home\mynewsblog.com\www\app\view\default\page\sidebar.phtml
    [6] => Z:\home\mynewsblog.com\www\app\view\default\post\widget\last_posts.phtml
    [7] => Z:\home\mynewsblog.com\www\app\view\default\post\widget\categories.phtml
    [8] => Z:\home\mynewsblog.com\www\app\view\default\post\widget\tags.phtml
)
25-10-2013 03:52:08
Array
(
    [0] => Z:\home\mynewsblog.com\www\app\view\default\template.phtml
    [1] => Z:\home\mynewsblog.com\www\app\view\default\page\head.phtml
    [2] => Z:\home\mynewsblog.com\www\app\view\default\page\header.phtml
    [3] => Z:\home\mynewsblog.com\www\app\view\default\page\main_menu.phtml
    [4] => Z:\home\mynewsblog.com\www\app\view\default\page\default\content.phtml
    [5] => Z:\home\mynewsblog.com\www\app\view\default\page\sidebar.phtml
    [6] => Z:\home\mynewsblog.com\www\app\view\default\post\widget\last_posts.phtml
    [7] => Z:\home\mynewsblog.com\www\app\view\default\post\widget\categories.phtml
    [8] => Z:\home\mynewsblog.com\www\app\view\default\post\widget\tags.phtml
)
25-10-2013 03:45:09
Array
(
    [0] => Z:\home\mynewsblog.com\www\app\view\default\template.phtml
    [1] => Z:\home\mynewsblog.com\www\app\view\default\page\head.phtml
    [2] => Z:\home\mynewsblog.com\www\app\view\default\page\header.phtml
    [3] => Z:\home\mynewsblog.com\www\app\view\default\page\main_menu.phtml
    [4] => Z:\home\mynewsblog.com\www\app\view\default\page\default\content.phtml
    [5] => Z:\home\mynewsblog.com\www\app\view\default\page\sidebar.phtml
    [6] => Z:\home\mynewsblog.com\www\app\view\default\post\widget\last_posts.phtml
    [7] => Z:\home\mynewsblog.com\www\app\view\default\post\widget\categories.phtml
    [8] => Z:\home\mynewsblog.com\www\app\view\default\post\widget\tags.phtml
)
25-10-2013 03:21:12
Array
(
    [0] => Z:\home\mynewsblog.com\www\app\view\default\template.phtml
    [1] => Z:\home\mynewsblog.com\www\app\view\default\page\head.phtml
    [2] => Z:\home\mynewsblog.com\www\app\view\default\page\header.phtml
    [3] => Z:\home\mynewsblog.com\www\app\view\default\page\main_menu.phtml
    [4] => Z:\home\mynewsblog.com\www\app\view\default\page\default\content.phtml
    [5] => Z:\home\mynewsblog.com\www\app\view\default\page\sidebar.phtml
    [6] => Z:\home\mynewsblog.com\www\app\view\default\post\widget\last_posts.phtml
    [7] => Z:\home\mynewsblog.com\www\app\view\default\post\widget\categories.phtml
    [8] => Z:\home\mynewsblog.com\www\app\view\default\post\widget\tags.phtml
)
25-10-2013 03:29:15
Array
(
    [0] => Z:\home\mynewsblog.com\www\app\view\default\template.phtml
    [1] => Z:\home\mynewsblog.com\www\app\view\default\page\head.phtml
    [2] => Z:\home\mynewsblog.com\www\app\view\default\page\header.phtml
    [3] => Z:\home\mynewsblog.com\www\app\view\default\page\main_menu.phtml
    [4] => Z:\home\mynewsblog.com\www\app\view\default\page\default\content.phtml
    [5] => Z:\home\mynewsblog.com\www\app\view\default\page\sidebar.phtml
    [6] => Z:\home\mynewsblog.com\www\app\view\default\post\widget\last_posts.phtml
    [7] => Z:\home\mynewsblog.com\www\app\view\default\post\widget\categories.phtml
    [8] => Z:\home\mynewsblog.com\www\app\view\default\post\widget\tags.phtml
)
25-10-2013 03:52:17
Array
(
    [0] => Z:\home\mynewsblog.com\www\app\view\default\template.phtml
    [1] => Z:\home\mynewsblog.com\www\app\view\default\page\head.phtml
    [2] => Z:\home\mynewsblog.com\www\app\view\default\page\header.phtml
    [3] => Z:\home\mynewsblog.com\www\app\view\default\page\main_menu.phtml
    [4] => Z:\home\mynewsblog.com\www\app\view\default\page\default\content.phtml
    [5] => Z:\home\mynewsblog.com\www\app\view\default\page\sidebar.phtml
    [6] => Z:\home\mynewsblog.com\www\app\view\default\post\widget\last_posts.phtml
    [7] => Z:\home\mynewsblog.com\www\app\view\default\post\widget\categories.phtml
    [8] => Z:\home\mynewsblog.com\www\app\view\default\post\widget\tags.phtml
)
25-10-2013 03:49:18
Array
(
    [0] => Z:\home\mynewsblog.com\www\app\view\default\template.phtml
    [1] => Z:\home\mynewsblog.com\www\app\view\default\page\head.phtml
    [2] => Z:\home\mynewsblog.com\www\app\view\default\page\header.phtml
    [3] => Z:\home\mynewsblog.com\www\app\view\default\page\main_menu.phtml
    [4] => Z:\home\mynewsblog.com\www\app\view\default\page\default\content.phtml
    [5] => Z:\home\mynewsblog.com\www\app\view\default\page\sidebar.phtml
    [6] => Z:\home\mynewsblog.com\www\app\view\default\post\widget\last_posts.phtml
    [7] => Z:\home\mynewsblog.com\www\app\view\default\post\widget\categories.phtml
    [8] => Z:\home\mynewsblog.com\www\app\view\default\post\widget\tags.phtml
)
25-10-2013 03:21:20
Array
(
    [0] => Z:\home\mynewsblog.com\www\app\view\default\template.phtml
    [1] => Z:\home\mynewsblog.com\www\app\view\default\page\head.phtml
    [2] => Z:\home\mynewsblog.com\www\app\view\default\page\header.phtml
    [3] => Z:\home\mynewsblog.com\www\app\view\default\page\main_menu.phtml
    [4] => Z:\home\mynewsblog.com\www\app\view\default\page\default\content.phtml
    [5] => Z:\home\mynewsblog.com\www\app\view\default\page\sidebar.phtml
    [6] => Z:\home\mynewsblog.com\www\app\view\default\post\widget\last_posts.phtml
    [7] => Z:\home\mynewsblog.com\www\app\view\default\post\widget\categories.phtml
    [8] => Z:\home\mynewsblog.com\www\app\view\default\post\widget\tags.phtml
)
25-10-2013 03:02:31
Array
(
    [0] => Z:\home\mynewsblog.com\www\app\view\default\template.phtml
    [1] => Z:\home\mynewsblog.com\www\app\view\default\page\head.phtml
    [2] => Z:\home\mynewsblog.com\www\app\view\default\page\header.phtml
    [3] => Z:\home\mynewsblog.com\www\app\view\default\page\main_menu.phtml
    [4] => Z:\home\mynewsblog.com\www\app\view\default\page\default\content.phtml
    [5] => Z:\home\mynewsblog.com\www\app\view\default\page\sidebar.phtml
    [6] => Z:\home\mynewsblog.com\www\app\view\default\post\widget\last_posts.phtml
    [7] => Z:\home\mynewsblog.com\www\app\view\default\post\widget\categories.phtml
    [8] => Z:\home\mynewsblog.com\www\app\view\default\post\widget\tags.phtml
)
25-10-2013 03:29:33
Array
(
    [0] => Z:\home\mynewsblog.com\www\app\view\default\template.phtml
    [1] => Z:\home\mynewsblog.com\www\app\view\default\page\head.phtml
    [2] => Z:\home\mynewsblog.com\www\app\view\default\page\header.phtml
    [3] => Z:\home\mynewsblog.com\www\app\view\default\page\main_menu.phtml
    [4] => Z:\home\mynewsblog.com\www\app\view\default\page\default\content.phtml
    [5] => Z:\home\mynewsblog.com\www\app\view\default\page\sidebar.phtml
    [6] => Z:\home\mynewsblog.com\www\app\view\default\post\widget\last_posts.phtml
    [7] => Z:\home\mynewsblog.com\www\app\view\default\post\widget\categories.phtml
    [8] => Z:\home\mynewsblog.com\www\app\view\default\post\widget\tags.phtml
)
25-10-2013 03:57:33
Array
(
    [0] => Z:\home\mynewsblog.com\www\app\view\default\template.phtml
    [1] => Z:\home\mynewsblog.com\www\app\view\default\page\head.phtml
    [2] => Z:\home\mynewsblog.com\www\app\view\default\page\header.phtml
    [3] => Z:\home\mynewsblog.com\www\app\view\default\page\main_menu.phtml
    [4] => Z:\home\mynewsblog.com\www\app\view\default\page\default\content.phtml
    [5] => Z:\home\mynewsblog.com\www\app\view\default\page\sidebar.phtml
    [6] => Z:\home\mynewsblog.com\www\app\view\default\post\widget\last_posts.phtml
    [7] => Z:\home\mynewsblog.com\www\app\view\default\post\widget\categories.phtml
    [8] => Z:\home\mynewsblog.com\www\app\view\default\post\widget\tags.phtml
)
25-10-2013 03:40:35
Array
(
    [0] => Z:\home\mynewsblog.com\www\app\view\default\template.phtml
    [1] => Z:\home\mynewsblog.com\www\app\view\default\page\head.phtml
    [2] => Z:\home\mynewsblog.com\www\app\view\default\page\header.phtml
    [3] => Z:\home\mynewsblog.com\www\app\view\default\page\main_menu.phtml
    [4] => Z:\home\mynewsblog.com\www\app\view\default\page\default\content.phtml
    [5] => Z:\home\mynewsblog.com\www\app\view\default\page\sidebar.phtml
    [6] => Z:\home\mynewsblog.com\www\app\view\default\post\widget\last_posts.phtml
    [7] => Z:\home\mynewsblog.com\www\app\view\default\post\widget\categories.phtml
    [8] => Z:\home\mynewsblog.com\www\app\view\default\post\widget\tags.phtml
)
25-10-2013 03:54:36
Array
(
    [0] => Z:\home\mynewsblog.com\www\app\view\default\template.phtml
    [1] => Z:\home\mynewsblog.com\www\app\view\default\page\head.phtml
    [2] => Z:\home\mynewsblog.com\www\app\view\default\page\header.phtml
    [3] => Z:\home\mynewsblog.com\www\app\view\default\page\main_menu.phtml
    [4] => Z:\home\mynewsblog.com\www\app\view\default\page\default\content.phtml
    [5] => Z:\home\mynewsblog.com\www\app\view\default\page\sidebar.phtml
    [6] => Z:\home\mynewsblog.com\www\app\view\default\post\widget\last_posts.phtml
    [7] => Z:\home\mynewsblog.com\www\app\view\default\post\widget\categories.phtml
    [8] => Z:\home\mynewsblog.com\www\app\view\default\post\widget\tags.phtml
)
25-10-2013 03:37:37
Array
(
    [0] => Z:\home\mynewsblog.com\www\app\view\default\template.phtml
    [1] => Z:\home\mynewsblog.com\www\app\view\default\page\head.phtml
    [2] => Z:\home\mynewsblog.com\www\app\view\default\page\header.phtml
    [3] => Z:\home\mynewsblog.com\www\app\view\default\page\main_menu.phtml
    [4] => Z:\home\mynewsblog.com\www\app\view\default\page\default\content.phtml
    [5] => Z:\home\mynewsblog.com\www\app\view\default\page\sidebar.phtml
    [6] => Z:\home\mynewsblog.com\www\app\view\default\post\widget\last_posts.phtml
    [7] => Z:\home\mynewsblog.com\www\app\view\default\post\widget\categories.phtml
    [8] => Z:\home\mynewsblog.com\www\app\view\default\post\widget\tags.phtml
)
25-10-2013 03:07:38
Array
(
    [0] => Z:\home\mynewsblog.com\www\app\view\default\template.phtml
    [1] => Z:\home\mynewsblog.com\www\app\view\default\page\head.phtml
    [2] => Z:\home\mynewsblog.com\www\app\view\default\page\header.phtml
    [3] => Z:\home\mynewsblog.com\www\app\view\default\page\main_menu.phtml
    [4] => Z:\home\mynewsblog.com\www\app\view\default\page\default\content.phtml
    [5] => Z:\home\mynewsblog.com\www\app\view\default\page\sidebar.phtml
    [6] => Z:\home\mynewsblog.com\www\app\view\default\post\widget\last_posts.phtml
    [7] => Z:\home\mynewsblog.com\www\app\view\default\post\widget\categories.phtml
    [8] => Z:\home\mynewsblog.com\www\app\view\default\post\widget\tags.phtml
)
25-10-2013 03:49:38
Array
(
    [0] => Z:\home\mynewsblog.com\www\app\view\default\template.phtml
    [1] => Z:\home\mynewsblog.com\www\app\view\default\page\head.phtml
    [2] => Z:\home\mynewsblog.com\www\app\view\default\page\header.phtml
    [3] => Z:\home\mynewsblog.com\www\app\view\default\page\main_menu.phtml
    [4] => Z:\home\mynewsblog.com\www\app\view\default\page\default\content.phtml
    [5] => Z:\home\mynewsblog.com\www\app\view\default\page\sidebar.phtml
    [6] => Z:\home\mynewsblog.com\www\app\view\default\post\widget\last_posts.phtml
    [7] => Z:\home\mynewsblog.com\www\app\view\default\post\widget\categories.phtml
    [8] => Z:\home\mynewsblog.com\www\app\view\default\post\widget\tags.phtml
)
25-10-2013 03:52:39
Array
(
    [0] => Z:\home\mynewsblog.com\www\app\view\default\template.phtml
    [1] => Z:\home\mynewsblog.com\www\app\view\default\page\head.phtml
    [2] => Z:\home\mynewsblog.com\www\app\view\default\page\header.phtml
    [3] => Z:\home\mynewsblog.com\www\app\view\default\page\main_menu.phtml
    [4] => Z:\home\mynewsblog.com\www\app\view\default\page\default\content.phtml
    [5] => Z:\home\mynewsblog.com\www\app\view\default\page\sidebar.phtml
    [6] => Z:\home\mynewsblog.com\www\app\view\default\post\widget\last_posts.phtml
    [7] => Z:\home\mynewsblog.com\www\app\view\default\post\widget\categories.phtml
    [8] => Z:\home\mynewsblog.com\www\app\view\default\post\widget\tags.phtml
)
